C:\Program Files (x86)\MSBuild\Microsoft.Cpp\v4.0\V120\Microsoft.CppBuild.targets(388,5): warning MSB8028: The intermediate directory (x64\Release\) contains files shared from another project (zlib.vcxproj).  This can lead to incorrect clean and rebuild behavior.
  Building Custom Rule C:/Users/dkvandyke/Source/Repos/09_zLib/zlib/CMakeLists.txt
  CMake does not need to re-run because C:\Users\dkvandyke\Source\Repos\09_zLib\zlib\build\CMakeFiles\generate.stamp is up-to-date.
  adler32.c
  compress.c
  crc32.c
  deflate.c
  gzclose.c
  gzlib.c
  gzread.c
  gzwrite.c
  inflate.c
  infback.c
  inftrees.c
  inffast.c
  trees.c
  uncompr.c
  zutil.c
  Generating Code...
  zlibstatic.vcxproj -> C:\Users\dkvandyke\Source\Repos\09_zLib\zlib\build\x64\Release\zlibstatic.lib
