c:\users\dkvandyke\source\repos\09_zlib\zlib\build\x64\release\zutil.obj
c:\users\dkvandyke\source\repos\09_zlib\zlib\build\x64\release\uncompr.obj
c:\users\dkvandyke\source\repos\09_zlib\zlib\build\x64\release\trees.obj
c:\users\dkvandyke\source\repos\09_zlib\zlib\build\x64\release\inffast.obj
c:\users\dkvandyke\source\repos\09_zlib\zlib\build\x64\release\inftrees.obj
c:\users\dkvandyke\source\repos\09_zlib\zlib\build\x64\release\infback.obj
c:\users\dkvandyke\source\repos\09_zlib\zlib\build\x64\release\inflate.obj
c:\users\dkvandyke\source\repos\09_zlib\zlib\build\x64\release\gzwrite.obj
c:\users\dkvandyke\source\repos\09_zlib\zlib\build\x64\release\gzread.obj
c:\users\dkvandyke\source\repos\09_zlib\zlib\build\x64\release\gzlib.obj
c:\users\dkvandyke\source\repos\09_zlib\zlib\build\x64\release\gzclose.obj
c:\users\dkvandyke\source\repos\09_zlib\zlib\build\x64\release\deflate.obj
c:\users\dkvandyke\source\repos\09_zlib\zlib\build\x64\release\crc32.obj
c:\users\dkvandyke\source\repos\09_zlib\zlib\build\x64\release\compress.obj
c:\users\dkvandyke\source\repos\09_zlib\zlib\build\x64\release\adler32.obj
c:\users\dkvandyke\source\repos\09_zlib\zlib\build\cmakefiles\generate.stamp
c:\users\dkvandyke\source\repos\09_zlib\zlib\build\x64\release\zlibstatic.lib
c:\users\dkvandyke\source\repos\09_zlib\zlib\build\x64\release\example.obj
c:\users\dkvandyke\source\repos\09_zlib\zlib\build\x64\release\minigzip.obj
c:\users\dkvandyke\source\repos\09_zlib\zlib\build\x64\release\zlib1.res
c:\users\dkvandyke\source\repos\09_zlib\zlib\build\x64\release\zlibstatic.tlog\cl.command.1.tlog
c:\users\dkvandyke\source\repos\09_zlib\zlib\build\x64\release\zlibstatic.tlog\cl.read.1.tlog
c:\users\dkvandyke\source\repos\09_zlib\zlib\build\x64\release\zlibstatic.tlog\cl.write.1.tlog
c:\users\dkvandyke\source\repos\09_zlib\zlib\build\x64\release\zlibstatic.tlog\custombuild.command.1.tlog
c:\users\dkvandyke\source\repos\09_zlib\zlib\build\x64\release\zlibstatic.tlog\custombuild.read.1.tlog
c:\users\dkvandyke\source\repos\09_zlib\zlib\build\x64\release\zlibstatic.tlog\custombuild.write.1.tlog
c:\users\dkvandyke\source\repos\09_zlib\zlib\build\x64\release\zlibstatic.tlog\lib-link.write.1.tlog
c:\users\dkvandyke\source\repos\09_zlib\zlib\build\x64\release\zlibstatic.tlog\lib.command.1.tlog
c:\users\dkvandyke\source\repos\09_zlib\zlib\build\x64\release\zlibstatic.tlog\lib.read.1.tlog
